\BOOKMARK [1][-]{Doc-Start}{\376\377\000C\000h\000a\000p\000t\000e\000r\000\040\0001}{}% 1
\BOOKMARK [2][-]{section*.1}{\376\377\000L\000i\000t\000\040\000R\000e\000v\000i\000e\000w}{Doc-Start}% 2
\BOOKMARK [1][-]{section*.1}{\376\377\000C\000h\000a\000p\000t\000e\000r\000\040\0002}{}% 3
\BOOKMARK [2][-]{Item.11}{\376\377\000E\000x\000p\000e\000r\000i\000m\000e\000n\000t\000\040\0001\000:\000\040\000E\000s\000t\000a\000b\000l\000i\000s\000h\000i\000n\000g\000\040\000P\000S\000E\000s\000\040\000i\000n\000\040\000n\000o\000v\000e\000l\000\040\000R\000e\000m\000e\000m\000b\000e\000r\000/\000K\000n\000o\000w\000\040\000p\000a\000r\000a\000d\000i\000g\000m}{section*.1}% 4
\BOOKMARK [3][-]{section*.2}{\376\377\000M\000e\000t\000h\000o\000d}{Item.11}% 5
\BOOKMARK [4][-]{section*.2}{\376\377\000P\000a\000r\000t\000i\000c\000i\000p\000a\000n\000t\000s}{Item.11}% 6
\BOOKMARK [4][-]{section*.2}{\376\377\000M\000a\000t\000e\000r\000i\000a\000l\000s}{Item.11}% 7
\BOOKMARK [4][-]{section*.2}{\376\377\000D\000e\000s\000i\000g\000n}{Item.11}% 8
\BOOKMARK [4][-]{section*.2}{\376\377\000P\000r\000o\000c\000e\000d\000u\000r\000e}{Item.11}% 9
\BOOKMARK [4][-]{section*.2}{\376\377\000D\000a\000t\000a\000\040\000p\000r\000o\000c\000e\000s\000s\000i\000n\000g}{Item.11}% 10
\BOOKMARK [3][-]{section*.2}{\376\377\000R\000e\000s\000u\000l\000t\000s}{Item.11}% 11
\BOOKMARK [4][-]{section*.3}{\376\377\000P\000i\000c\000t\000u\000r\000e\000\040\000s\000u\000p\000e\000r\000i\000o\000r\000i\000t\000y}{section*.2}% 12
\BOOKMARK [4][-]{section*.3}{\376\377\000P\000S\000E\000\040\000i\000n\000\040\000r\000a\000t\000e\000s\000\040\000o\000f\000\040\000R\000e\000c\000o\000l\000l\000e\000c\000t\000i\000o\000n\000\040\000a\000n\000d\000\040\000F\000a\000m\000i\000l\000i\000a\000r\000i\000t\000y\000:}{section*.2}% 13
\BOOKMARK [4][-]{section*.3}{\376\377\000P\000S\000E\000\040\000a\000n\000d\000\040\000t\000h\000e\000\040\000a\000v\000a\000i\000l\000a\000b\000i\000l\000i\000t\000y\000\040\000o\000f\000\040\000d\000i\000f\000f\000e\000r\000e\000n\000t\000\040\000r\000e\000s\000p\000o\000n\000s\000e\000\040\000o\000p\000t\000i\000o\000n\000s\000:}{section*.2}% 14
\BOOKMARK [3][-]{section*.3}{\376\377\000D\000i\000s\000c\000u\000s\000s\000i\000o\000n}{Item.11}% 15
\BOOKMARK [1][-]{section*.3}{\376\377\000C\000h\000a\000p\000t\000e\000r\000\040\0003}{}% 16
\BOOKMARK [2][-]{section*.4}{\376\377\000E\000x\000p\000e\000r\000i\000m\000e\000n\000t\000:\000\040\000D\000e\000v\000e\000l\000o\000p\000m\000e\000n\000t\000\040\000o\000f\000\040\000a\000\040\000n\000e\000w\000\040\000s\000e\000t\000\040\000o\000f\000\040\000s\000t\000a\000n\000d\000a\000r\000d\000i\000s\000e\000d\000\040\000p\000h\000o\000t\000o\000g\000r\000a\000p\000h\000i\000c\000\040\000s\000t\000i\000m\000u\000l\000i}{section*.3}% 17
\BOOKMARK [3][-]{section*.4}{\376\377\000M\000e\000t\000h\000o\000d}{section*.3}% 18
\BOOKMARK [4][-]{section*.5}{\376\377\000P\000a\000r\000t\000i\000c\000i\000p\000a\000n\000t\000s}{section*.4}% 19
\BOOKMARK [4][-]{section*.5}{\376\377\000M\000a\000t\000e\000r\000i\000a\000l\000s}{section*.4}% 20
\BOOKMARK [4][-]{section*.5}{\376\377\000D\000e\000s\000i\000g\000n}{section*.4}% 21
\BOOKMARK [4][-]{section*.5}{\376\377\000P\000r\000o\000c\000e\000d\000u\000r\000e}{section*.4}% 22
\BOOKMARK [4][-]{section*.5}{\376\377\000D\000a\000t\000a\000\040\000p\000r\000o\000c\000e\000s\000s\000i\000n\000g}{section*.4}% 23
\BOOKMARK [4][-]{section*.5}{\376\377\000A\000n\000a\000l\000y\000s\000i\000s\000\040\000p\000r\000e\000p\000e\000r\000a\000t\000i\000o\000n}{section*.4}% 24
\BOOKMARK [3][-]{section*.5}{\376\377\000R\000e\000s\000u\000l\000t\000s}{section*.3}% 25
\BOOKMARK [4][-]{section*.6}{\376\377\000N\000a\000m\000i\000n\000g}{section*.5}% 26
\BOOKMARK [4][-]{section*.6}{\376\377\000M\000e\000n\000t\000a\000l\000\040\000i\000m\000a\000g\000e\000r\000y\000\040\000a\000g\000r\000e\000e\000m\000e\000n\000t}{section*.5}% 27
\BOOKMARK [4][-]{section*.6}{\376\377\000F\000a\000m\000i\000l\000i\000a\000r\000i\000t\000y}{section*.5}% 28
\BOOKMARK [4][-]{section*.6}{\376\377\000V\000i\000s\000u\000a\000l\000\040\000c\000o\000m\000p\000l\000e\000x\000i\000t\000y}{section*.5}% 29
\BOOKMARK [4][-]{section*.6}{\376\377\000S\000e\000l\000e\000c\000t\000i\000o\000n\000\040\000o\000f\000\040\000f\000i\000n\000a\000l\000\040\000i\000t\000e\000m\000s}{section*.5}% 30
\BOOKMARK [3][-]{Item.14}{\376\377\000D\000i\000s\000c\000u\000s\000s\000i\000o\000n}{section*.3}% 31
\BOOKMARK [4][-]{section*.7}{\376\377\000T\000h\000e\000\040\000r\000o\000l\000e\000\040\000o\000f\000\040\000c\000o\000l\000o\000u\000r}{Item.14}% 32
\BOOKMARK [4][-]{section*.7}{\376\377\000E\000s\000t\000a\000b\000l\000i\000s\000h\000i\000n\000g\000\040\000a\000\040\000n\000e\000w\000\040\000s\000e\000t\000\040\000o\000f\000\040\000s\000t\000i\000m\000u\000l\000i}{Item.14}% 33
\BOOKMARK [2][-]{section*.7}{\376\377\000E\000x\000p\000e\000r\000i\000m\000e\000n\000t\000:\000\040\000E\000f\000f\000e\000c\000t\000\040\000o\000f\000\040\000s\000t\000i\000m\000u\000l\000i\000\040\000f\000o\000r\000m\000a\000t\000\040\000\050\000g\000r\000e\000y\000s\000c\000a\000l\000e\000\051\000\040\000a\000n\000d\000\040\000r\000e\000s\000p\000o\000n\000s\000e\000\040\000o\000p\000t\000i\000o\000n\000\040\000o\000n\000\040\000r\000e\000c\000o\000g\000n\000i\000t\000i\000o\000n\000\040\000m\000e\000m\000o\000r\000y\000\040\000j\000u\000d\000g\000e\000m\000e\000n\000t\000s\000.}{section*.3}% 34
\BOOKMARK [3][-]{section*.8}{\376\377\000M\000e\000t\000h\000o\000d}{section*.7}% 35
\BOOKMARK [4][-]{section*.8}{\376\377\000P\000a\000r\000t\000i\000c\000i\000p\000a\000n\000t\000s}{section*.7}% 36
\BOOKMARK [4][-]{section*.8}{\376\377\000M\000a\000t\000e\000r\000i\000a\000l\000s}{section*.7}% 37
\BOOKMARK [4][-]{section*.8}{\376\377\000D\000e\000s\000i\000g\000n}{section*.7}% 38
\BOOKMARK [4][-]{section*.8}{\376\377\000P\000r\000o\000c\000e\000d\000u\000r\000e}{section*.7}% 39
\BOOKMARK [4][-]{section*.8}{\376\377\000D\000a\000t\000a\000\040\000p\000r\000o\000c\000e\000s\000s\000i\000n\000g}{section*.7}% 40
\BOOKMARK [3][-]{section*.8}{\376\377\000R\000e\000s\000u\000l\000t\000s}{section*.7}% 41
\BOOKMARK [4][-]{section*.9}{\376\377\000O\000v\000e\000r\000a\000l\000l\000\040\000h\000i\000t\000s\000,\000\040\000f\000a\000l\000s\000e\000\040\000a\000l\000a\000r\000m\000s\000\040\000\050\000F\000A\000s\000\051\000,\000\040\000a\000n\000d\000\040\000r\000e\000c\000o\000g\000n\000i\000t\000i\000o\000n}{section*.8}% 42
\BOOKMARK [4][-]{section*.9}{\376\377\000D\000i\000s\000c\000r\000i\000m\000i\000n\000a\000t\000i\000o\000n\000\040\000\050\000d\000'\000\051\000\040\000a\000n\000d\000\040\000r\000e\000s\000p\000o\000n\000s\000e\000\040\000b\000i\000a\000s\000\040\000\050\000c\000\051}{section*.8}% 43
\BOOKMARK [4][-]{section*.9}{\376\377\000H\000i\000t\000s\000\040\000a\000s\000s\000i\000g\000n\000e\000d\000\040\000R\000e\000c\000o\000l\000l\000e\000c\000t\000i\000o\000n\000,\000\040\000F\000a\000m\000i\000l\000i\000a\000r\000i\000t\000y\000,\000\040\000a\000n\000d\000\040\000G\000u\000e\000s\000s\000i\000n\000g}{section*.8}% 44
\BOOKMARK [4][-]{section*.9}{\376\377\000F\000A\000s\000\040\000a\000s\000s\000i\000g\000n\000e\000d\000\040\000R\000e\000c\000o\000l\000l\000e\000c\000t\000i\000o\000n\000,\000\040\000F\000a\000m\000i\000l\000i\000a\000r\000i\000t\000y\000,\000\040\000a\000n\000d\000\040\000G\000u\000e\000s\000s\000i\000n\000g}{section*.8}% 45
\BOOKMARK [3][-]{section*.9}{\376\377\000D\000i\000s\000c\000u\000s\000s\000i\000o\000n}{section*.7}% 46
\BOOKMARK [1][-]{section*.9}{\376\377\000C\000h\000a\000p\000t\000e\000r\000\040\0004\000\040\000\050\000T\000h\000e\000\040\000r\000o\000l\000e\000\040\000o\000f\000\040\000c\000o\000l\000o\000u\000r\000\051}{}% 47
\BOOKMARK [2][-]{Item.21}{\376\377\000E\000x\000p\000e\000r\000i\000m\000e\000n\000t\000:\000\040\000E\000f\000f\000e\000c\000t\000\040\000o\000f\000\040\000s\000t\000i\000m\000u\000l\000i\000\040\000f\000o\000r\000m\000a\000t\000\040\000\050\000c\000o\000l\000o\000u\000r\000\051\000\040\000a\000n\000d\000\040\000r\000e\000s\000p\000o\000n\000s\000e\000\040\000o\000p\000t\000i\000o\000n\000\040\000o\000n\000\040\000r\000e\000c\000o\000g\000n\000i\000t\000i\000o\000n\000\040\000m\000e\000m\000o\000r\000y\000\040\000j\000u\000d\000g\000e\000m\000e\000n\000t\000s\000.}{section*.9}% 48
\BOOKMARK [3][-]{section*.10}{\376\377\000M\000e\000t\000h\000o\000d}{Item.21}% 49
\BOOKMARK [4][-]{section*.10}{\376\377\000P\000a\000r\000t\000i\000c\000i\000p\000a\000n\000t\000s}{Item.21}% 50
\BOOKMARK [4][-]{section*.10}{\376\377\000M\000a\000t\000e\000r\000i\000a\000l\000s}{Item.21}% 51
\BOOKMARK [4][-]{section*.10}{\376\377\000D\000e\000s\000i\000g\000n}{Item.21}% 52
\BOOKMARK [4][-]{section*.10}{\376\377\000P\000r\000o\000c\000e\000d\000u\000r\000e}{Item.21}% 53
\BOOKMARK [4][-]{section*.10}{\376\377\000D\000a\000t\000a\000\040\000p\000r\000o\000c\000e\000s\000s\000i\000n\000g}{Item.21}% 54
\BOOKMARK [3][-]{section*.10}{\376\377\000R\000e\000s\000u\000l\000t\000s}{Item.21}% 55
\BOOKMARK [4][-]{section*.11}{\376\377\000D\000i\000s\000t\000i\000n\000c\000t\000i\000v\000e\000n\000e\000s\000s}{section*.10}% 56
\BOOKMARK [4][-]{section*.11}{\376\377\000R\000e\000s\000p\000o\000n\000s\000e\000\040\000o\000p\000t\000i\000o\000n}{section*.10}% 57
\BOOKMARK [4][-]{section*.11}{\376\377\000R\000o\000l\000e\000\040\000o\000f\000\040\000c\000o\000l\000o\000u\000r}{section*.10}% 58
\BOOKMARK [3][-]{section*.11}{\376\377\000D\000i\000s\000c\000u\000s\000s\000i\000o\000n}{Item.21}% 59
\BOOKMARK [1][-]{section*.11}{\376\377\000C\000h\000a\000p\000t\000e\000r\000\040\0005}{}% 60
\BOOKMARK [2][-]{section*.12}{\376\377\000E\000x\000p\000e\000r\000i\000m\000e\000n\000t\000:\000\040\000M\000a\000n\000i\000p\000u\000l\000a\000t\000i\000n\000g\000\040\000w\000o\000r\000d\000\040\000d\000i\000s\000t\000i\000n\000c\000t\000i\000v\000e\000n\000e\000s\000s}{section*.11}% 61
\BOOKMARK [3][-]{section*.12}{\376\377\000M\000e\000t\000h\000o\000d}{section*.11}% 62
\BOOKMARK [1][-]{Item.56}{\376\377\000R\000e\000f\000e\000r\000e\000n\000c\000e\000s}{}% 63
\BOOKMARK [1][-]{Item.56}{\376\377\000A\000p\000p\000e\000n\000d\000i\000c\000e\000s}{}% 64
\BOOKMARK [2][-]{section*.13}{\376\377\000A\000p\000p\000e\000n\000d\000i\000x\000\040\000A\000:\000\040\000S\000p\000e\000l\000l\000i\000n\000g\000\040\000c\000o\000r\000r\000e\000c\000t\000i\000o\000n\000s\000\040\000/\000\040\000m\000a\000n\000i\000p\000u\000l\000a\000t\000i\000o\000n\000s\000\040\000t\000o\000\040\000n\000a\000m\000i\000n\000g\000\040\000r\000e\000s\000p\000o\000n\000s\000e\000s\000.}{Item.56}% 65
\BOOKMARK [2][-]{table.1}{\376\377\000A\000p\000p\000e\000n\000d\000i\000x\000\040\000B\000:\000\040\000N\000o\000r\000m\000a\000t\000i\000v\000e\000\040\000d\000a\000t\000a\000\040\000f\000o\000r\000\040\000a\000l\000l\000\040\000p\000h\000o\000t\000o\000g\000r\000a\000p\000h\000\040\000i\000t\000e\000m\000s\000.}{Item.56}% 66
