This is XeTeX, Version 3.141592653-2.6-0.999993 (TeX Live 2021) (preloaded format=xelatex 2021.4.12)  21 APR 2021 11:48
entering extended mode
 restricted \write18 enabled.
 %&-line parsing enabled.
**R--Thesis.tex
(./R--Thesis.tex
LaTeX2e <2020-10-01> patch level 4
L3 programming layer <2021-02-18> (/Users/home/Library/TinyTeX/texmf-dist/tex/l
atex/base/article.cls
Document Class: article 2020/04/10 v1.4m Standard LaTeX document class
(/Users/home/Library/TinyTeX/texmf-dist/tex/latex/base/size11.clo
File: size11.clo 2020/04/10 v1.4m Standard LaTeX file (size option)
)
\c@part=\count175
\c@section=\count176
\c@subsection=\count177
\c@subsubsection=\count178
\c@paragraph=\count179
\c@subparagraph=\count180
\c@figure=\count181
\c@table=\count182
\abovecaptionskip=\skip47
\belowcaptionskip=\skip48
\bibindent=\dimen138
) (/Users/home/Library/TinyTeX/texmf-dist/tex/latex/lm/lmodern.sty
Package: lmodern 2015/05/01 v1.6.1 Latin Modern Fonts
LaTeX Font Info:    Overwriting symbol font `operators' in version `normal'
(Font)                  OT1/cmr/m/n --> OT1/lmr/m/n on input line 22.
LaTeX Font Info:    Overwriting symbol font `letters' in version `normal'
(Font)                  OML/cmm/m/it --> OML/lmm/m/it on input line 23.
LaTeX Font Info:    Overwriting symbol font `symbols' in version `normal'
(Font)                  OMS/cmsy/m/n --> OMS/lmsy/m/n on input line 24.
LaTeX Font Info:    Overwriting symbol font `largesymbols' in version `normal'
(Font)                  OMX/cmex/m/n --> OMX/lmex/m/n on input line 25.
LaTeX Font Info:    Overwriting symbol font `operators' in version `bold'
(Font)                  OT1/cmr/bx/n --> OT1/lmr/bx/n on input line 26.
LaTeX Font Info:    Overwriting symbol font `letters' in version `bold'
(Font)                  OML/cmm/b/it --> OML/lmm/b/it on input line 27.
LaTeX Font Info:    Overwriting symbol font `symbols' in version `bold'
(Font)                  OMS/cmsy/b/n --> OMS/lmsy/b/n on input line 28.
LaTeX Font Info:    Overwriting symbol font `largesymbols' in version `bold'
(Font)                  OMX/cmex/m/n --> OMX/lmex/m/n on input line 29.
LaTeX Font Info:    Overwriting math alphabet `\mathbf' in version `normal'
(Font)                  OT1/cmr/bx/n --> OT1/lmr/bx/n on input line 31.
LaTeX Font Info:    Overwriting math alphabet `\mathsf' in version `normal'
(Font)                  OT1/cmss/m/n --> OT1/lmss/m/n on input line 32.
LaTeX Font Info:    Overwriting math alphabet `\mathit' in version `normal'
(Font)                  OT1/cmr/m/it --> OT1/lmr/m/it on input line 33.
LaTeX Font Info:    Overwriting math alphabet `\mathtt' in version `normal'
(Font)                  OT1/cmtt/m/n --> OT1/lmtt/m/n on input line 34.
LaTeX Font Info:    Overwriting math alphabet `\mathbf' in version `bold'
(Font)                  OT1/cmr/bx/n --> OT1/lmr/bx/n on input line 35.
LaTeX Font Info:    Overwriting math alphabet `\mathsf' in version `bold'
(Font)                  OT1/cmss/bx/n --> OT1/lmss/bx/n on input line 36.
LaTeX Font Info:    Overwriting math alphabet `\mathit' in version `bold'
(Font)                  OT1/cmr/bx/it --> OT1/lmr/bx/it on input line 37.
LaTeX Font Info:    Overwriting math alphabet `\mathtt' in version `bold'
(Font)                  OT1/cmtt/m/n --> OT1/lmtt/m/n on input line 38.
) (/Users/home/Library/TinyTeX/texmf-dist/tex/latex/amsfonts/amssymb.sty
Package: amssymb 2013/01/14 v3.01 AMS font symbols
(/Users/home/Library/TinyTeX/texmf-dist/tex/latex/amsfonts/amsfonts.sty
Package: amsfonts 2013/01/14 v3.01 Basic AMSFonts support
\@emptytoks=\toks15
\symAMSa=\mathgroup4
\symAMSb=\mathgroup5
LaTeX Font Info:    Redeclaring math symbol \hbar on input line 98.
LaTeX Font Info:    Overwriting math alphabet `\mathfrak' in version `bold'
(Font)                  U/euf/m/n --> U/euf/b/n on input line 106.
)) (/Users/home/Library/TinyTeX/texmf-dist/tex/latex/amsmath/amsmath.sty
Package: amsmath 2020/09/23 v2.17i AMS math features
\@mathmargin=\skip49
For additional information on amsmath, use the `?' option.
(/Users/home/Library/TinyTeX/texmf-dist/tex/latex/amsmath/amstext.sty
Package: amstext 2000/06/29 v2.01 AMS text
(/Users/home/Library/TinyTeX/texmf-dist/tex/latex/amsmath/amsgen.sty
File: amsgen.sty 1999/11/30 v2.0 generic functions
\@emptytoks=\toks16
\ex@=\dimen139
)) (/Users/home/Library/TinyTeX/texmf-dist/tex/latex/amsmath/amsbsy.sty
Package: amsbsy 1999/11/29 v1.2d Bold Symbols
\pmbraise@=\dimen140
) (/Users/home/Library/TinyTeX/texmf-dist/tex/latex/amsmath/amsopn.sty
Package: amsopn 2016/03/08 v2.02 operator names
)
\inf@bad=\count183
LaTeX Info: Redefining \frac on input line 234.
\uproot@=\count184
\leftroot@=\count185
LaTeX Info: Redefining \overline on input line 399.
\classnum@=\count186
\DOTSCASE@=\count187
LaTeX Info: Redefining \ldots on input line 496.
LaTeX Info: Redefining \dots on input line 499.
LaTeX Info: Redefining \cdots on input line 620.
\Mathstrutbox@=\box47
\strutbox@=\box48
\big@size=\dimen141
LaTeX Font Info:    Redeclaring font encoding OML on input line 743.
LaTeX Font Info:    Redeclaring font encoding OMS on input line 744.
\macc@depth=\count188
\c@MaxMatrixCols=\count189
\dotsspace@=\muskip16
\c@parentequation=\count190
\dspbrk@lvl=\count191
\tag@help=\toks17
\row@=\count192
\column@=\count193
\maxfields@=\count194
\andhelp@=\toks18
\eqnshift@=\dimen142
\alignsep@=\dimen143
\tagshift@=\dimen144
\tagwidth@=\dimen145
\totwidth@=\dimen146
\lineht@=\dimen147
\@envbody=\toks19
\multlinegap=\skip50
\multlinetaggap=\skip51
\mathdisplay@stack=\toks20
LaTeX Info: Redefining \[ on input line 2923.
LaTeX Info: Redefining \] on input line 2924.
) (/Users/home/Library/TinyTeX/texmf-dist/tex/generic/iftex/ifxetex.sty
Package: ifxetex 2019/10/25 v0.7 ifxetex legacy package. Use iftex instead.
(/Users/home/Library/TinyTeX/texmf-dist/tex/generic/iftex/iftex.sty
Package: iftex 2020/03/06 v1.0d TeX engine tests
)) (/Users/home/Library/TinyTeX/texmf-dist/tex/generic/iftex/ifluatex.sty
Package: ifluatex 2019/10/25 v1.5 ifluatex legacy package. Use iftex instead.
)
(/Users/home/Library/TinyTeX/texmf-dist/tex/latex/unicode-math/unicode-math.sty
(/Users/home/Library/TinyTeX/texmf-dist/tex/latex/l3kernel/expl3.sty
Package: expl3 2021-02-18 L3 programming layer (loader) 

(/Users/home/Library/TinyTeX/texmf-dist/tex/latex/l3backend/l3backend-xetex.def
File: l3backend-xetex.def 2021-03-18 L3 backend support: XeTeX
(|extractbb --version)
\c__kernel_sys_dvipdfmx_version_int=\count195
\l__color_backend_stack_int=\count196
\g__color_backend_stack_int=\count197
\g__graphics_track_int=\count198
\l__pdf_internal_box=\box49
\g__pdf_backend_object_int=\count199
\g__pdf_backend_annotation_int=\count266
\g__pdf_backend_link_int=\count267
))
Package: unicode-math 2020/01/31 v0.8q Unicode maths in XeLaTeX and LuaLaTeX

(/Users/home/Library/TinyTeX/texmf-dist/tex/latex/unicode-math/unicode-math-xet
ex.sty
Package: unicode-math-xetex 2020/01/31 v0.8q Unicode maths in XeLaTeX and LuaLa
TeX
(/Users/home/Library/TinyTeX/texmf-dist/tex/latex/l3packages/xparse/xparse.sty
(/Users/home/Library/TinyTeX/texmf-dist/tex/latex/l3packages/xparse/xparse-2020
-10-01.sty
(/Users/home/Library/TinyTeX/texmf-dist/tex/latex/l3packages/xparse/xparse-gene
ric.tex)))
(/Users/home/Library/TinyTeX/texmf-dist/tex/latex/l3packages/l3keys2e/l3keys2e.
sty
Package: l3keys2e 2021-03-12 LaTeX2e option processing using LaTeX3 keys
) (/Users/home/Library/TinyTeX/texmf-dist/tex/latex/fontspec/fontspec.sty
Package: fontspec 2020/02/21 v2.7i Font selection for XeLaTeX and LuaLaTeX
(/Users/home/Library/TinyTeX/texmf-dist/tex/latex/fontspec/fontspec-xetex.sty
Package: fontspec-xetex 2020/02/21 v2.7i Font selection for XeLaTeX and LuaLaTe
X
\l__fontspec_script_int=\count268
\l__fontspec_language_int=\count269
\l__fontspec_strnum_int=\count270
\l__fontspec_tmp_int=\count271
\l__fontspec_tmpa_int=\count272
\l__fontspec_tmpb_int=\count273
\l__fontspec_tmpc_int=\count274
\l__fontspec_em_int=\count275
\l__fontspec_emdef_int=\count276
\l__fontspec_strong_int=\count277
\l__fontspec_strongdef_int=\count278
\l__fontspec_tmpa_dim=\dimen148
\l__fontspec_tmpb_dim=\dimen149
\l__fontspec_tmpc_dim=\dimen150
(/Users/home/Library/TinyTeX/texmf-dist/tex/latex/base/fontenc.sty
Package: fontenc 2020/08/10 v2.0s Standard LaTeX package
) (/Users/home/Library/TinyTeX/texmf-dist/tex/latex/fontspec/fontspec.cfg))) (/
Users/home/Library/TinyTeX/texmf-dist/tex/latex/base/fix-cm.sty
Package: fix-cm 2015/01/14 v1.1t fixes to LaTeX
(/Users/home/Library/TinyTeX/texmf-dist/tex/latex/base/ts1enc.def
File: ts1enc.def 2001/06/05 v3.0e (jk/car/fm) Standard LaTeX file
LaTeX Font Info:    Redeclaring font encoding TS1 on input line 47.
))
\g__um_fam_int=\count279
\g__um_fonts_used_int=\count280
\l__um_primecount_int=\count281
\g__um_primekern_muskip=\muskip17

(/Users/home/Library/TinyTeX/texmf-dist/tex/latex/unicode-math/unicode-math-tab
le.tex)))

Package fontspec Info: Helvetica scale = 0.8272613720555157.


Package fontspec Info: Helvetica scale = 0.8272613720555157.


Package fontspec Info: Helvetica/B scale = 0.8128406612178392.


Package fontspec Info: Helvetica/I scale = 0.8272613720555157.


Package fontspec Info: Helvetica/BI scale = 0.80180740694654.


Package fontspec Info: Font family 'Helvetica(0)' created for font 'Helvetica'
(fontspec)             with options
(fontspec)             [Scale=MatchLowercase,Ligatures=TeX,Scale=1].
(fontspec)              
(fontspec)              This font family consists of the following NFSS
(fontspec)             series/shapes:
(fontspec)              
(fontspec)             - 'normal' (m/n) with NFSS spec.:
(fontspec)             <->s*[1]"Helvetica/AAT:mapping=tex-text;"
(fontspec)             - 'small caps'  (m/sc) with NFSS spec.: 
(fontspec)             - 'bold' (b/n) with NFSS spec.:
(fontspec)             <->s*[1]"Helvetica/B/AAT:mapping=tex-text;"
(fontspec)             - 'bold small caps'  (b/sc) with NFSS spec.: 
(fontspec)             - 'italic' (m/it) with NFSS spec.:
(fontspec)             <->s*[1]"Helvetica/I/AAT:mapping=tex-text;"
(fontspec)             - 'italic small caps'  (m/scit) with NFSS spec.: 
(fontspec)             - 'bold italic' (b/it) with NFSS spec.:
(fontspec)             <->s*[1]"Helvetica/BI/AAT:mapping=tex-text;"
(fontspec)             - 'bold italic small caps'  (b/scit) with NFSS spec.: 

LaTeX Font Info:    Font shape `TU/Helvetica(0)/m/n' will be
(Font)              scaled to size 10.95pt on input line 20.

Package fontspec Info: Helvetica scale = 0.9999973253235691.


Package fontspec Info: Helvetica scale = 0.9999973253235691.


Package fontspec Info: Helvetica/B scale = 0.9825655041917427.


Package fontspec Info: Helvetica/I scale = 0.9999973253235691.


Package fontspec Info: Helvetica/BI scale = 0.9692284560306523.


Package fontspec Info: Font family 'Helvetica(1)' created for font 'Helvetica'
(fontspec)             with options [Scale=MatchLowercase].
(fontspec)              
(fontspec)              This font family consists of the following NFSS
(fontspec)             series/shapes:
(fontspec)              
(fontspec)             - 'normal' (m/n) with NFSS spec.:
(fontspec)             <->s*[0.9999973253235691]"Helvetica/AAT"
(fontspec)             - 'small caps'  (m/sc) with NFSS spec.: 
(fontspec)             - 'bold' (b/n) with NFSS spec.:
(fontspec)             <->s*[0.9825655041917427]"Helvetica/B/AAT"
(fontspec)             - 'bold small caps'  (b/sc) with NFSS spec.: 
(fontspec)             - 'italic' (m/it) with NFSS spec.:
(fontspec)             <->s*[0.9999973253235691]"Helvetica/I/AAT"
(fontspec)             - 'italic small caps'  (m/scit) with NFSS spec.: 
(fontspec)             - 'bold italic' (b/it) with NFSS spec.:
(fontspec)             <->s*[0.9692284560306523]"Helvetica/BI/AAT"
(fontspec)             - 'bold italic small caps'  (b/scit) with NFSS spec.: 

LaTeX Font Info:    Overwriting math alphabet `\mathrm' in version `normal'
(Font)                  OT1/lmr/m/n --> TU/Helvetica(1)/m/n on input line 20.
LaTeX Font Info:    Overwriting math alphabet `\mathit' in version `normal'
(Font)                  OT1/lmr/m/it --> TU/Helvetica(1)/m/it on input line 20.

LaTeX Font Info:    Overwriting math alphabet `\mathbf' in version `normal'
(Font)                  OT1/lmr/bx/n --> TU/Helvetica(1)/b/n on input line 20.
(/Users/home/Library/TinyTeX/texmf-dist/tex/latex/xcolor/xcolor.sty
Package: xcolor 2016/05/11 v2.12 LaTeX color extensions (UK)
(/Users/home/Library/TinyTeX/texmf-dist/tex/latex/graphics-cfg/color.cfg
File: color.cfg 2016/01/02 v1.6 sample color configuration
)
Package xcolor Info: Driver file: xetex.def on input line 225.
(/Users/home/Library/TinyTeX/texmf-dist/tex/latex/graphics-def/xetex.def
File: xetex.def 2021/03/18 v5.0k Graphics/color driver for xetex
)
Package xcolor Info: Model `cmy' substituted by `cmy0' on input line 1348.
Package xcolor Info: Model `RGB' extended on input line 1364.
Package xcolor Info: Model `HTML' substituted by `rgb' on input line 1366.
Package xcolor Info: Model `Hsb' substituted by `hsb' on input line 1367.
Package xcolor Info: Model `tHsb' substituted by `hsb' on input line 1368.
Package xcolor Info: Model `HSB' substituted by `hsb' on input line 1369.
Package xcolor Info: Model `Gray' substituted by `gray' on input line 1370.
Package xcolor Info: Model `wave' substituted by `hsb' on input line 1371.
) (/Users/home/Library/TinyTeX/texmf-dist/tex/latex/hyperref/hyperref.sty
Package: hyperref 2021-02-27 v7.00k Hypertext links for LaTeX
(/Users/home/Library/TinyTeX/texmf-dist/tex/generic/ltxcmds/ltxcmds.sty
Package: ltxcmds 2020-05-10 v1.25 LaTeX kernel commands for general use (HO)
) (/Users/home/Library/TinyTeX/texmf-dist/tex/generic/pdftexcmds/pdftexcmds.sty
Package: pdftexcmds 2020-06-27 v0.33 Utility functions of pdfTeX for LuaTeX (HO
)
(/Users/home/Library/TinyTeX/texmf-dist/tex/generic/infwarerr/infwarerr.sty
Package: infwarerr 2019/12/03 v1.5 Providing info/warning/error messages (HO)
)
Package pdftexcmds Info: \pdf@primitive is available.
Package pdftexcmds Info: \pdf@ifprimitive is available.
Package pdftexcmds Info: \pdfdraftmode not found.
) (/Users/home/Library/TinyTeX/texmf-dist/tex/latex/graphics/keyval.sty
Package: keyval 2014/10/28 v1.15 key=value parser (DPC)
\KV@toks@=\toks21
) (/Users/home/Library/TinyTeX/texmf-dist/tex/generic/kvsetkeys/kvsetkeys.sty
Package: kvsetkeys 2019/12/15 v1.18 Key value parser (HO)
)
(/Users/home/Library/TinyTeX/texmf-dist/tex/generic/kvdefinekeys/kvdefinekeys.s
ty
Package: kvdefinekeys 2019-12-19 v1.6 Define keys (HO)
) (/Users/home/Library/TinyTeX/texmf-dist/tex/generic/pdfescape/pdfescape.sty
Package: pdfescape 2019/12/09 v1.15 Implements pdfTeX's escape features (HO)
) (/Users/home/Library/TinyTeX/texmf-dist/tex/latex/hycolor/hycolor.sty
Package: hycolor 2020-01-27 v1.10 Color options for hyperref/bookmark (HO)
) (/Users/home/Library/TinyTeX/texmf-dist/tex/latex/letltxmacro/letltxmacro.sty
Package: letltxmacro 2019/12/03 v1.6 Let assignment for LaTeX macros (HO)
) (/Users/home/Library/TinyTeX/texmf-dist/tex/latex/auxhook/auxhook.sty
Package: auxhook 2019-12-17 v1.6 Hooks for auxiliary files (HO)
) (/Users/home/Library/TinyTeX/texmf-dist/tex/latex/kvoptions/kvoptions.sty
Package: kvoptions 2020-10-07 v3.14 Key value format for package options (HO)
)
\@linkdim=\dimen151
\Hy@linkcounter=\count282
\Hy@pagecounter=\count283
(/Users/home/Library/TinyTeX/texmf-dist/tex/latex/hyperref/pd1enc.def
File: pd1enc.def 2021-02-27 v7.00k Hyperref: PDFDocEncoding definition (HO)
)
(/Users/home/Library/TinyTeX/texmf-dist/tex/latex/hyperref/hyperref-langpatches
.def
File: hyperref-langpatches.def 2021-02-27 v7.00k Hyperref: patches for babel la
nguages
) (/Users/home/Library/TinyTeX/texmf-dist/tex/generic/intcalc/intcalc.sty
Package: intcalc 2019/12/15 v1.3 Expandable calculations with integers (HO)
) (/Users/home/Library/TinyTeX/texmf-dist/tex/generic/etexcmds/etexcmds.sty
Package: etexcmds 2019/12/15 v1.7 Avoid name clashes with e-TeX commands (HO)
)
\Hy@SavedSpaceFactor=\count284
(/Users/home/Library/TinyTeX/texmf-dist/tex/latex/hyperref/puenc.def
File: puenc.def 2021-02-27 v7.00k Hyperref: PDF Unicode definition (HO)
)
Package hyperref Info: Option `unicode' set `true' on input line 4073.
Package hyperref Info: Hyper figures OFF on input line 4192.
Package hyperref Info: Link nesting OFF on input line 4197.
Package hyperref Info: Hyper index ON on input line 4200.
Package hyperref Info: Plain pages OFF on input line 4207.
Package hyperref Info: Backreferencing OFF on input line 4212.
Package hyperref Info: Implicit mode ON; LaTeX internals redefined.
Package hyperref Info: Bookmarks ON on input line 4445.
\c@Hy@tempcnt=\count285
(/Users/home/Library/TinyTeX/texmf-dist/tex/latex/url/url.sty
\Urlmuskip=\muskip18
Package: url 2013/09/16  ver 3.4  Verb mode for urls, etc.
)
LaTeX Info: Redefining \url on input line 4804.
\XeTeXLinkMargin=\dimen152
(/Users/home/Library/TinyTeX/texmf-dist/tex/generic/bitset/bitset.sty
Package: bitset 2019/12/09 v1.3 Handle bit-vector datatype (HO)
(/Users/home/Library/TinyTeX/texmf-dist/tex/generic/bigintcalc/bigintcalc.sty
Package: bigintcalc 2019/12/15 v1.5 Expandable calculations on big integers (HO
)
))
\Fld@menulength=\count286
\Field@Width=\dimen153
\Fld@charsize=\dimen154
Package hyperref Info: Hyper figures OFF on input line 6075.
Package hyperref Info: Link nesting OFF on input line 6080.
Package hyperref Info: Hyper index ON on input line 6083.
Package hyperref Info: backreferencing OFF on input line 6090.
Package hyperref Info: Link coloring OFF on input line 6095.
Package hyperref Info: Link coloring with OCG OFF on input line 6100.
Package hyperref Info: PDF/A mode OFF on input line 6105.
LaTeX Info: Redefining \ref on input line 6145.
LaTeX Info: Redefining \pageref on input line 6149.
(/Users/home/Library/TinyTeX/texmf-dist/tex/latex/base/atbegshi-ltx.sty
Package: atbegshi-ltx 2020/08/17 v1.0a Emulation of the original atbegshi packa
ge
with kernel methods
)
\Hy@abspage=\count287
\c@Item=\count288
\c@Hfootnote=\count289
)
Package hyperref Info: Driver (autodetected): hxetex.
(/Users/home/Library/TinyTeX/texmf-dist/tex/latex/hyperref/hxetex.def
File: hxetex.def 2021-02-27 v7.00k Hyperref driver for XeTeX
(/Users/home/Library/TinyTeX/texmf-dist/tex/generic/stringenc/stringenc.sty
Package: stringenc 2019/11/29 v1.12 Convert strings between diff. encodings (HO
)
)
\pdfm@box=\box50
\c@Hy@AnnotLevel=\count290
\HyField@AnnotCount=\count291
\Fld@listcount=\count292
\c@bookmark@seq@number=\count293

(/Users/home/Library/TinyTeX/texmf-dist/tex/latex/rerunfilecheck/rerunfilecheck
.sty
Package: rerunfilecheck 2019/12/05 v1.9 Rerun checks for auxiliary files (HO)
(/Users/home/Library/TinyTeX/texmf-dist/tex/latex/base/atveryend-ltx.sty
Package: atveryend-ltx 2020/08/19 v1.0a Emulation of the original atvery packag
e
with kernel methods
)
(/Users/home/Library/TinyTeX/texmf-dist/tex/generic/uniquecounter/uniquecounter
.sty
Package: uniquecounter 2019/12/15 v1.4 Provide unlimited unique counter (HO)
)
Package uniquecounter Info: New unique counter `rerunfilecheck' on input line 2
86.
)
\Hy@SectionHShift=\skip52
) (/Users/home/Library/TinyTeX/texmf-dist/tex/latex/geometry/geometry.sty
Package: geometry 2020/01/02 v5.9 Page Geometry
(/Users/home/Library/TinyTeX/texmf-dist/tex/generic/iftex/ifvtex.sty
Package: ifvtex 2019/10/25 v1.7 ifvtex legacy package. Use iftex instead.
)
\Gm@cnth=\count294
\Gm@cntv=\count295
\c@Gm@tempcnt=\count296
\Gm@bindingoffset=\dimen155
\Gm@wd@mp=\dimen156
\Gm@odd@mp=\dimen157
\Gm@even@mp=\dimen158
\Gm@layoutwidth=\dimen159
\Gm@layoutheight=\dimen160
\Gm@layouthoffset=\dimen161
\Gm@layoutvoffset=\dimen162
\Gm@dimlist=\toks22
) (/Users/home/Library/TinyTeX/texmf-dist/tex/latex/tools/longtable.sty
Package: longtable 2020/01/07 v4.13 Multi-page Table package (DPC)
\LTleft=\skip53
\LTright=\skip54
\LTpre=\skip55
\LTpost=\skip56
\LTchunksize=\count297
\LTcapwidth=\dimen163
\LT@head=\box51
\LT@firsthead=\box52
\LT@foot=\box53
\LT@lastfoot=\box54
\LT@cols=\count298
\LT@rows=\count299
\c@LT@tables=\count300
\c@LT@chunks=\count301
\LT@p@ftn=\toks23
) (/Users/home/Library/TinyTeX/texmf-dist/tex/latex/booktabs/booktabs.sty
Package: booktabs 2020/01/12 v1.61803398 Publication quality tables
\heavyrulewidth=\dimen164
\lightrulewidth=\dimen165
\cmidrulewidth=\dimen166
\belowrulesep=\dimen167
\belowbottomsep=\dimen168
\aboverulesep=\dimen169
\abovetopsep=\dimen170
\cmidrulesep=\dimen171
\cmidrulekern=\dimen172
\defaultaddspace=\dimen173
\@cmidla=\count302
\@cmidlb=\count303
\@aboverulesep=\dimen174
\@belowrulesep=\dimen175
\@thisruleclass=\count304
\@lastruleclass=\count305
\@thisrulewidth=\dimen176
) (/Users/home/Library/TinyTeX/texmf-dist/tex/latex/etoolbox/etoolbox.sty
Package: etoolbox 2020/10/05 v2.5k e-TeX tools for LaTeX (JAW)
\etb@tempcnta=\count306
) (/Users/home/Library/TinyTeX/texmf-dist/tex/latex/mdwtools/footnote.sty
Package: footnote 1997/01/28 1.13 Save footnotes around boxes
\fn@notes=\box55
\fn@width=\dimen177
) (/Users/home/Library/TinyTeX/texmf-dist/tex/latex/graphics/graphicx.sty
Package: graphicx 2020/09/09 v1.2b Enhanced LaTeX Graphics (DPC,SPQR)
(/Users/home/Library/TinyTeX/texmf-dist/tex/latex/graphics/graphics.sty
Package: graphics 2020/08/30 v1.4c Standard LaTeX Graphics (DPC,SPQR)
(/Users/home/Library/TinyTeX/texmf-dist/tex/latex/graphics/trig.sty
Package: trig 2016/01/03 v1.10 sin cos tan (DPC)
) (/Users/home/Library/TinyTeX/texmf-dist/tex/latex/graphics-cfg/graphics.cfg
File: graphics.cfg 2016/06/04 v1.11 sample graphics configuration
)
Package graphics Info: Driver file: xetex.def on input line 105.
)
\Gin@req@height=\dimen178
\Gin@req@width=\dimen179
) (/Users/home/Library/TinyTeX/texmf-dist/tex/latex/grffile/grffile.sty
Package: grffile 2019/11/11 v2.1 Extended file name support for graphics (legac
y)
Package grffile Info: This package is an empty stub for compatibility on input 
line 40.
) (/Users/home/Library/TinyTeX/texmf-dist/tex/latex/setspace/setspace.sty
Package: setspace 2011/12/19 v6.7a set line spacing
) (/Users/home/Library/TinyTeX/texmf-dist/tex/latex/titlesec/titlesec.sty
Package: titlesec 2019/10/16 v2.13 Sectioning titles
\ttl@box=\box56
\beforetitleunit=\skip57
\aftertitleunit=\skip58
\ttl@plus=\dimen180
\ttl@minus=\dimen181
\ttl@toksa=\toks24
\titlewidth=\dimen182
\titlewidthlast=\dimen183
\titlewidthfirst=\dimen184
) (/Users/home/Library/TinyTeX/texmf-dist/tex/latex/sectsty/sectsty.sty
Package: sectsty 2002/02/25 v2.0.2 Commands to change all sectional heading sty
les

LaTeX Warning: Command \underbar  has changed.
               Check if current package is valid.


LaTeX Warning: Command \underline  has changed.
               Check if current package is valid.

) (/Users/home/Library/TinyTeX/texmf-dist/tex/latex/fancyhdr/fancyhdr.sty
Package: fancyhdr 2021/01/28 v4.0.1 Extensive control of page headers and foote
rs
\f@nch@headwidth=\skip59
\f@nch@O@elh=\skip60
\f@nch@O@erh=\skip61
\f@nch@O@olh=\skip62
\f@nch@O@orh=\skip63
\f@nch@O@elf=\skip64
\f@nch@O@erf=\skip65
\f@nch@O@olf=\skip66
\f@nch@O@orf=\skip67
) (/Users/home/Library/TinyTeX/texmf-dist/tex/latex/pdflscape/pdflscape.sty
Package: pdflscape 2019/12/05 v0.12 Display of landscape pages in PDF (HO)
(/Users/home/Library/TinyTeX/texmf-dist/tex/latex/graphics/lscape.sty
Package: lscape 2020/05/28 v3.02 Landscape Pages (DPC)
)
Package pdflscape Info: Auto-detected driver: dvipdfm (xetex) on input line 98.

) (/Users/home/Library/TinyTeX/texmf-dist/tex/latex/tools/array.sty
Package: array 2020/10/01 v2.5c Tabular extension package (FMi)
\col@sep=\dimen185
\ar@mcellbox=\box57
\extrarowheight=\dimen186
\NC@list=\toks25
\extratabsurround=\skip68
\backup@length=\skip69
\ar@cellbox=\box58
) (/Users/home/Library/TinyTeX/texmf-dist/tex/latex/multirow/multirow.sty
Package: multirow 2021/03/15 v2.8 Span multiple rows of a table
\multirow@colwidth=\skip70
\multirow@cntb=\count307
\multirow@dima=\skip71
\bigstrutjot=\dimen187
) (/Users/home/Library/TinyTeX/texmf-dist/tex/latex/wrapfig/wrapfig.sty
\wrapoverhang=\dimen188
\WF@size=\dimen189
\c@WF@wrappedlines=\count308
\WF@box=\box59
\WF@everypar=\toks26
Package: wrapfig 2003/01/31  v 3.6
) (/Users/home/Library/TinyTeX/texmf-dist/tex/latex/float/float.sty
Package: float 2001/11/08 v1.3d Float enhancements (AL)
\c@float@type=\count309
\float@exts=\toks27
\float@box=\box60
\@float@everytoks=\toks28
\@floatcapt=\box61
) (/Users/home/Library/TinyTeX/texmf-dist/tex/latex/colortbl/colortbl.sty
Package: colortbl 2020/01/04 v1.0e Color table columns (DPC)
\everycr=\toks29
\minrowclearance=\skip72
) (/Users/home/Library/TinyTeX/texmf-dist/tex/latex/tabu/tabu.sty
Package: tabu 2019/01/11 v2.9 - flexible LaTeX tabulars (FC+tabu-fixed)
(/Users/home/Library/TinyTeX/texmf-dist/tex/latex/varwidth/varwidth.sty
Package: varwidth 2009/03/30 ver 0.92;  Variable-width minipages
\@vwid@box=\box62
\sift@deathcycles=\count310
\@vwid@loff=\dimen190
\@vwid@roff=\dimen191
)
\c@taburow=\count311
\tabu@nbcols=\count312
\tabu@cnt=\count313
\tabu@Xcol=\count314
\tabu@alloc=\count315
\tabu@nested=\count316
\tabu@target=\dimen192
\tabu@spreadtarget=\dimen193
\tabu@naturalX=\dimen194
\tabucolX=\dimen195
\tabu@Xsum=\dimen196
\extrarowdepth=\dimen197
\abovetabulinesep=\dimen198
\belowtabulinesep=\dimen199
\tabustrutrule=\dimen256
\tabu@thebody=\toks30
\tabu@footnotes=\toks31
\tabu@box=\box63
\tabu@arstrutbox=\box64
\tabu@hleads=\box65
\tabu@vleads=\box66
\tabu@cellskip=\skip73
)
(/Users/home/Library/TinyTeX/texmf-dist/tex/latex/threeparttable/threeparttable
.sty
Package: threeparttable 2003/06/13  v 3.0
\@tempboxb=\box67
)
(/Users/home/Library/TinyTeX/texmf-dist/tex/latex/threeparttablex/threeparttabl
ex.sty
Package: threeparttablex 2013/07/23 v0.3 by daleif
(/Users/home/Library/TinyTeX/texmf-dist/tex/latex/environ/environ.sty
Package: environ 2014/05/04 v0.3 A new way to define environments
(/Users/home/Library/TinyTeX/texmf-dist/tex/latex/trimspaces/trimspaces.sty
Package: trimspaces 2009/09/17 v1.1 Trim spaces around a token list
))
\TPTL@width=\skip74
) (/Users/home/Library/TinyTeX/texmf-dist/tex/generic/ulem/ulem.sty
\UL@box=\box68
\UL@hyphenbox=\box69
\UL@skip=\skip75
\UL@hook=\toks32
\UL@height=\dimen257
\UL@pe=\count317
\UL@pixel=\dimen258
\ULC@box=\box70
Package: ulem 2019/11/18
\ULdepth=\dimen259
) (/Users/home/Library/TinyTeX/texmf-dist/tex/latex/makecell/makecell.sty
Package: makecell 2009/08/03 V0.1e Managing of Tab Column Heads and Cells
\rotheadsize=\dimen260
\c@nlinenum=\count318
\TeXr@lab=\toks33
) (./R--Thesis.aux)
\openout1 = `R--Thesis.aux'.

LaTeX Font Info:    Checking defaults for OML/cmm/m/it on input line 105.
LaTeX Font Info:    ... okay on input line 105.
LaTeX Font Info:    Checking defaults for OMS/cmsy/m/n on input line 105.
LaTeX Font Info:    ... okay on input line 105.
LaTeX Font Info:    Checking defaults for OT1/cmr/m/n on input line 105.
LaTeX Font Info:    ... okay on input line 105.
LaTeX Font Info:    Checking defaults for T1/cmr/m/n on input line 105.
LaTeX Font Info:    ... okay on input line 105.
LaTeX Font Info:    Checking defaults for TS1/cmr/m/n on input line 105.
LaTeX Font Info:    ... okay on input line 105.
LaTeX Font Info:    Checking defaults for TU/lmr/m/n on input line 105.
LaTeX Font Info:    ... okay on input line 105.
LaTeX Font Info:    Checking defaults for OMX/cmex/m/n on input line 105.
LaTeX Font Info:    ... okay on input line 105.
LaTeX Font Info:    Checking defaults for U/cmr/m/n on input line 105.
LaTeX Font Info:    ... okay on input line 105.
LaTeX Font Info:    Checking defaults for PD1/pdf/m/n on input line 105.
LaTeX Font Info:    ... okay on input line 105.
LaTeX Font Info:    Checking defaults for PU/pdf/m/n on input line 105.
LaTeX Font Info:    ... okay on input line 105.
LaTeX Font Info:    Overwriting math alphabet `\mathsf' in version `normal'
(Font)                  OT1/lmss/m/n --> TU/lmss/m/n on input line 105.
LaTeX Font Info:    Overwriting math alphabet `\mathsf' in version `bold'
(Font)                  OT1/lmss/bx/n --> TU/lmss/b/n on input line 105.
LaTeX Font Info:    Overwriting math alphabet `\mathtt' in version `normal'
(Font)                  OT1/lmtt/m/n --> TU/lmtt/m/n on input line 105.
LaTeX Font Info:    Overwriting math alphabet `\mathtt' in version `bold'
(Font)                  OT1/lmtt/m/n --> TU/lmtt/b/n on input line 105.

Package fontspec Info: latinmodern-math scale = 1.208800659564493.


Package fontspec Info: latinmodern-math scale = 1.208800659564493.


Package fontspec Info: latinmodern-math scale = 1.208800659564493.


Package fontspec Info: Font family 'latinmodern-math.otf(0)' created for font
(fontspec)             'latinmodern-math.otf' with options
(fontspec)             [Scale=MatchLowercase,BoldItalicFont={},ItalicFont={},Sm
allCapsFont={},Script=Math,BoldFont={latinmodern-math.otf}].
(fontspec)              
(fontspec)              This font family consists of the following NFSS
(fontspec)             series/shapes:
(fontspec)              
(fontspec)             - 'normal' (m/n) with NFSS spec.:
(fontspec)             <->s*[1.208800659564493]"[latinmodern-math.otf]/OT:scrip
t=math;language=dflt;"
(fontspec)             - 'small caps'  (m/sc) with NFSS spec.: 
(fontspec)             - 'bold' (b/n) with NFSS spec.:
(fontspec)             <->s*[1.208800659564493]"[latinmodern-math.otf]/OT:scrip
t=math;language=dflt;"
(fontspec)             - 'bold small caps'  (b/sc) with NFSS spec.: 

LaTeX Font Info:    Font shape `TU/latinmodern-math.otf(0)/m/n' will be
(Font)              scaled to size 13.23636pt on input line 105.

Package fontspec Info: latinmodern-math scale = 1.208800659564493.


Package fontspec Info: latinmodern-math scale = 1.208800659564493.


Package fontspec Info: latinmodern-math scale = 1.208800659564493.


Package fontspec Info: latinmodern-math scale = 1.208800659564493.


Package fontspec Info: latinmodern-math scale = 1.208800659564493.


Package fontspec Info: Font family 'latinmodern-math.otf(1)' created for font
(fontspec)             'latinmodern-math.otf' with options
(fontspec)             [Scale=MatchLowercase,BoldItalicFont={},ItalicFont={},Sm
allCapsFont={},Script=Math,SizeFeatures={{Size=9.3075-},{Size=6.57-9.3075,Font=
latinmodern-math.otf,Style=MathScript},{Size=-6.57,Font=latinmodern-math.otf,St
yle=MathScriptScript}},BoldFont={latinmodern-math.otf}].
(fontspec)              
(fontspec)              This font family consists of the following NFSS
(fontspec)             series/shapes:
(fontspec)              
(fontspec)             - 'normal' (m/n) with NFSS spec.:
(fontspec)             <9.3075->s*[1.208800659564493]"[latinmodern-math.otf]/OT
:script=math;language=dflt;"<6.57-9.3075>s*[1.208800659564493]"[latinmodern-mat
h.otf]/OT:script=math;language=dflt;+ssty=0;"<-6.57>s*[1.208800659564493]"[lati
nmodern-math.otf]/OT:script=math;language=dflt;+ssty=1;"
(fontspec)             - 'small caps'  (m/sc) with NFSS spec.: 
(fontspec)             - 'bold' (b/n) with NFSS spec.:
(fontspec)             <->s*[1.208800659564493]"[latinmodern-math.otf]/OT:scrip
t=math;language=dflt;"
(fontspec)             - 'bold small caps'  (b/sc) with NFSS spec.: 

LaTeX Font Info:    Font shape `TU/latinmodern-math.otf(1)/m/n' will be
(Font)              scaled to size 13.23636pt on input line 105.
LaTeX Font Info:    Encoding `OT1' has changed to `TU' for symbol font
(Font)              `operators' in the math version `normal' on input line 105.

LaTeX Font Info:    Overwriting symbol font `operators' in version `normal'
(Font)                  OT1/lmr/m/n --> TU/latinmodern-math.otf(1)/m/n on input
 line 105.
LaTeX Font Info:    Encoding `OT1' has changed to `TU' for symbol font
(Font)              `operators' in the math version `bold' on input line 105.
LaTeX Font Info:    Overwriting symbol font `operators' in version `bold'
(Font)                  OT1/lmr/bx/n --> TU/latinmodern-math.otf(1)/b/n on inpu
t line 105.

Package fontspec Info: latinmodern-math scale = 1.208800659564493.


Package fontspec Info: latinmodern-math scale = 1.208921539630449.


Package fontspec Info: latinmodern-math scale = 1.208800659564493.


Package fontspec Info: latinmodern-math scale = 1.208921539630449.


Package fontspec Info: latinmodern-math scale = 1.208800659564493.


Package fontspec Info: latinmodern-math scale = 1.208921539630449.


Package fontspec Info: latinmodern-math scale = 1.208800659564493.


Package fontspec Info: latinmodern-math scale = 1.208921539630449.


Package fontspec Info: latinmodern-math scale = 1.208800659564493.


Package fontspec Info: latinmodern-math scale = 1.208921539630449.


Package fontspec Info: Font family 'latinmodern-math.otf(2)' created for font
(fontspec)             'latinmodern-math.otf' with options
(fontspec)             [Scale=MatchLowercase,BoldItalicFont={},ItalicFont={},Sm
allCapsFont={},Script=Math,SizeFeatures={{Size=9.3075-},{Size=6.57-9.3075,Font=
latinmodern-math.otf,Style=MathScript},{Size=-6.57,Font=latinmodern-math.otf,St
yle=MathScriptScript}},BoldFont={latinmodern-math.otf},ScaleAgain=1.0001,FontAd
justment={\fontdimen
(fontspec)             8\font =8.96101pt\relax \fontdimen 9\font
(fontspec)             =5.21512pt\relax \fontdimen 10\font =5.87694pt\relax
(fontspec)             \fontdimen 11\font =9.08014pt\relax \fontdimen 12\font
(fontspec)             =4.56654pt\relax \fontdimen 13\font =4.8048pt\relax
(fontspec)             \fontdimen 14\font =4.8048pt\relax \fontdimen 15\font
(fontspec)             =3.8253pt\relax \fontdimen 16\font =3.26938pt\relax
(fontspec)             \fontdimen 17\font =3.26938pt\relax \fontdimen 18\font
(fontspec)             =3.3091pt\relax \fontdimen 19\font =2.64728pt\relax
(fontspec)             \fontdimen 22\font =3.3091pt\relax \fontdimen 20\font
(fontspec)             =0pt\relax \fontdimen 21\font =0pt\relax }].
(fontspec)              
(fontspec)              This font family consists of the following NFSS
(fontspec)             series/shapes:
(fontspec)              
(fontspec)             - 'normal' (m/n) with NFSS spec.:
(fontspec)             <9.3075->s*[1.208921539630449]"[latinmodern-math.otf]/OT
:script=math;language=dflt;"<6.57-9.3075>s*[1.208921539630449]"[latinmodern-mat
h.otf]/OT:script=math;language=dflt;+ssty=0;"<-6.57>s*[1.208921539630449]"[lati
nmodern-math.otf]/OT:script=math;language=dflt;+ssty=1;"
(fontspec)             - 'small caps'  (m/sc) with NFSS spec.: 
(fontspec)             and font adjustment code:
(fontspec)             \fontdimen 8\font =8.96101pt\relax \fontdimen 9\font
(fontspec)             =5.21512pt\relax \fontdimen 10\font =5.87694pt\relax
(fontspec)             \fontdimen 11\font =9.08014pt\relax \fontdimen 12\font
(fontspec)             =4.56654pt\relax \fontdimen 13\font =4.8048pt\relax
(fontspec)             \fontdimen 14\font =4.8048pt\relax \fontdimen 15\font
(fontspec)             =3.8253pt\relax \fontdimen 16\font =3.26938pt\relax
(fontspec)             \fontdimen 17\font =3.26938pt\relax \fontdimen 18\font
(fontspec)             =3.3091pt\relax \fontdimen 19\font =2.64728pt\relax
(fontspec)             \fontdimen 22\font =3.3091pt\relax \fontdimen 20\font
(fontspec)             =0pt\relax \fontdimen 21\font =0pt\relax 
(fontspec)             - 'bold' (b/n) with NFSS spec.:
(fontspec)             <->s*[1.208921539630449]"[latinmodern-math.otf]/OT:scrip
t=math;language=dflt;"
(fontspec)             - 'bold small caps'  (b/sc) with NFSS spec.: 
(fontspec)             and font adjustment code:
(fontspec)             \fontdimen 8\font =8.96101pt\relax \fontdimen 9\font
(fontspec)             =5.21512pt\relax \fontdimen 10\font =5.87694pt\relax
(fontspec)             \fontdimen 11\font =9.08014pt\relax \fontdimen 12\font
(fontspec)             =4.56654pt\relax \fontdimen 13\font =4.8048pt\relax
(fontspec)             \fontdimen 14\font =4.8048pt\relax \fontdimen 15\font
(fontspec)             =3.8253pt\relax \fontdimen 16\font =3.26938pt\relax
(fontspec)             \fontdimen 17\font =3.26938pt\relax \fontdimen 18\font
(fontspec)             =3.3091pt\relax \fontdimen 19\font =2.64728pt\relax
(fontspec)             \fontdimen 22\font =3.3091pt\relax \fontdimen 20\font
(fontspec)             =0pt\relax \fontdimen 21\font =0pt\relax 

LaTeX Font Info:    Encoding `OMS' has changed to `TU' for symbol font
(Font)              `symbols' in the math version `normal' on input line 105.
LaTeX Font Info:    Overwriting symbol font `symbols' in version `normal'
(Font)                  OMS/lmsy/m/n --> TU/latinmodern-math.otf(2)/m/n on inpu
t line 105.
LaTeX Font Info:    Encoding `OMS' has changed to `TU' for symbol font
(Font)              `symbols' in the math version `bold' on input line 105.
LaTeX Font Info:    Overwriting symbol font `symbols' in version `bold'
(Font)                  OMS/lmsy/b/n --> TU/latinmodern-math.otf(2)/b/n on inpu
t line 105.

Package fontspec Info: latinmodern-math scale = 1.208800659564493.


Package fontspec Info: latinmodern-math scale = 1.208679779498537.


Package fontspec Info: latinmodern-math scale = 1.208800659564493.


Package fontspec Info: latinmodern-math scale = 1.208679779498537.


Package fontspec Info: latinmodern-math scale = 1.208800659564493.


Package fontspec Info: latinmodern-math scale = 1.208679779498537.


Package fontspec Info: latinmodern-math scale = 1.208800659564493.


Package fontspec Info: latinmodern-math scale = 1.208679779498537.


Package fontspec Info: latinmodern-math scale = 1.208800659564493.


Package fontspec Info: latinmodern-math scale = 1.208679779498537.


Package fontspec Info: Font family 'latinmodern-math.otf(3)' created for font
(fontspec)             'latinmodern-math.otf' with options
(fontspec)             [Scale=MatchLowercase,BoldItalicFont={},ItalicFont={},Sm
allCapsFont={},Script=Math,SizeFeatures={{Size=9.3075-},{Size=6.57-9.3075,Font=
latinmodern-math.otf,Style=MathScript},{Size=-6.57,Font=latinmodern-math.otf,St
yle=MathScriptScript}},BoldFont={latinmodern-math.otf},ScaleAgain=0.9999,FontAd
justment={\fontdimen
(fontspec)             8\font =0.52945pt\relax \fontdimen 9\font
(fontspec)             =2.64728pt\relax \fontdimen 10\font =2.21046pt\relax
(fontspec)             \fontdimen 11\font =1.46924pt\relax \fontdimen 12\font
(fontspec)             =7.94182pt\relax \fontdimen 13\font =0pt\relax }].
(fontspec)              
(fontspec)              This font family consists of the following NFSS
(fontspec)             series/shapes:
(fontspec)              
(fontspec)             - 'normal' (m/n) with NFSS spec.:
(fontspec)             <9.3075->s*[1.208679779498537]"[latinmodern-math.otf]/OT
:script=math;language=dflt;"<6.57-9.3075>s*[1.208679779498537]"[latinmodern-mat
h.otf]/OT:script=math;language=dflt;+ssty=0;"<-6.57>s*[1.208679779498537]"[lati
nmodern-math.otf]/OT:script=math;language=dflt;+ssty=1;"
(fontspec)             - 'small caps'  (m/sc) with NFSS spec.: 
(fontspec)             and font adjustment code:
(fontspec)             \fontdimen 8\font =0.52945pt\relax \fontdimen 9\font
(fontspec)             =2.64728pt\relax \fontdimen 10\font =2.21046pt\relax
(fontspec)             \fontdimen 11\font =1.46924pt\relax \fontdimen 12\font
(fontspec)             =7.94182pt\relax \fontdimen 13\font =0pt\relax 
(fontspec)             - 'bold' (b/n) with NFSS spec.:
(fontspec)             <->s*[1.208679779498537]"[latinmodern-math.otf]/OT:scrip
t=math;language=dflt;"
(fontspec)             - 'bold small caps'  (b/sc) with NFSS spec.: 
(fontspec)             and font adjustment code:
(fontspec)             \fontdimen 8\font =0.52945pt\relax \fontdimen 9\font
(fontspec)             =2.64728pt\relax \fontdimen 10\font =2.21046pt\relax
(fontspec)             \fontdimen 11\font =1.46924pt\relax \fontdimen 12\font
(fontspec)             =7.94182pt\relax \fontdimen 13\font =0pt\relax 

LaTeX Font Info:    Encoding `OMX' has changed to `TU' for symbol font
(Font)              `largesymbols' in the math version `normal' on input line 1
05.
LaTeX Font Info:    Overwriting symbol font `largesymbols' in version `normal'
(Font)                  OMX/lmex/m/n --> TU/latinmodern-math.otf(3)/m/n on inpu
t line 105.
LaTeX Font Info:    Encoding `OMX' has changed to `TU' for symbol font
(Font)              `largesymbols' in the math version `bold' on input line 105
.
LaTeX Font Info:    Overwriting symbol font `largesymbols' in version `bold'
(Font)                  OMX/lmex/m/n --> TU/latinmodern-math.otf(3)/b/n on inpu
t line 105.
Package hyperref Info: Link coloring OFF on input line 105.
(/Users/home/Library/TinyTeX/texmf-dist/tex/latex/hyperref/nameref.sty
Package: nameref 2021-04-02 v2.47 Cross-referencing by name of section
(/Users/home/Library/TinyTeX/texmf-dist/tex/latex/refcount/refcount.sty
Package: refcount 2019/12/15 v3.6 Data extraction from label references (HO)
)
(/Users/home/Library/TinyTeX/texmf-dist/tex/generic/gettitlestring/gettitlestri
ng.sty
Package: gettitlestring 2019/12/15 v1.6 Cleanup title references (HO)
)
\c@section@level=\count319
)
LaTeX Info: Redefining \ref on input line 105.
LaTeX Info: Redefining \pageref on input line 105.
LaTeX Info: Redefining \nameref on input line 105.
(./R--Thesis.out) (./R--Thesis.out)
\@outlinefile=\write3
\openout3 = `R--Thesis.out'.

*geometry* driver: auto-detecting
*geometry* detected driver: xetex
*geometry* verbose mode - [ preamble ] result:
* driver: xetex
* paper: <default>
* layout: <same size as paper>
* layoutoffset:(h,v)=(0.0pt,0.0pt)
* modes: 
* h-part:(L,W,R)=(99.58464pt, 457.80486pt, 56.9055pt)
* v-part:(T,H,B)=(85.35826pt, 624.25346pt, 85.35826pt)
* \paperwidth=614.295pt
* \paperheight=794.96999pt
* \textwidth=457.80486pt
* \textheight=624.25346pt
* \oddsidemargin=27.31465pt
* \evensidemargin=27.31465pt
* \topmargin=-23.91173pt
* \headheight=25.66263pt
* \headsep=25.0pt
* \topskip=11.0pt
* \footskip=30.0pt
* \marginparwidth=59.0pt
* \marginparsep=10.0pt
* \columnsep=10.0pt
* \skip\footins=10.0pt plus 4.0pt minus 2.0pt
* \hoffset=0.0pt
* \voffset=0.0pt
* \mag=1000
* \@twocolumnfalse
* \@twosidefalse
* \@mparswitchfalse
* \@reversemarginfalse
* (1in=72.27pt=25.4mm, 1cm=28.453pt)

LaTeX Font Info:    Font shape `TU/Helvetica(0)/m/n' will be
(Font)              scaled to size 14.4pt on input line 109.
LaTeX Font Info:    Font shape `TU/Helvetica(0)/b/n' will be
(Font)              scaled to size 14.4pt on input line 109.
(./R--Thesis.toc
LaTeX Font Info:    Font shape `TU/Helvetica(0)/b/n' will be
(Font)              scaled to size 10.95pt on input line 1.
LaTeX Font Info:    Font shape `TU/latinmodern-math.otf(1)/m/n' will be
(Font)              scaled to size 9.26544pt on input line 2.
LaTeX Font Info:    Font shape `TU/latinmodern-math.otf(1)/m/n' will be
(Font)              scaled to size 6.61818pt on input line 2.
LaTeX Font Info:    Trying to load font information for OML+lmm on input line 2
.
(/Users/home/Library/TinyTeX/texmf-dist/tex/latex/lm/omllmm.fd
File: omllmm.fd 2015/05/01 v1.6.1 Font defs for Latin Modern
)
LaTeX Font Info:    Font shape `TU/latinmodern-math.otf(2)/m/n' will be
(Font)              scaled to size 13.2377pt on input line 2.
LaTeX Font Info:    Font shape `TU/latinmodern-math.otf(2)/m/n' will be
(Font)              scaled to size 9.26639pt on input line 2.
LaTeX Font Info:    Font shape `TU/latinmodern-math.otf(2)/m/n' will be
(Font)              scaled to size 6.61885pt on input line 2.
LaTeX Font Info:    Font shape `TU/latinmodern-math.otf(3)/m/n' will be
(Font)              scaled to size 13.23503pt on input line 2.
LaTeX Font Info:    Font shape `TU/latinmodern-math.otf(3)/m/n' will be
(Font)              scaled to size 9.26451pt on input line 2.
LaTeX Font Info:    Font shape `TU/latinmodern-math.otf(3)/m/n' will be
(Font)              scaled to size 6.61752pt on input line 2.
LaTeX Font Info:    Trying to load font information for U+msa on input line 2.
(/Users/home/Library/TinyTeX/texmf-dist/tex/latex/amsfonts/umsa.fd
File: umsa.fd 2013/01/14 v3.01 AMS symbols A
)
LaTeX Font Info:    Trying to load font information for U+msb on input line 2.
(/Users/home/Library/TinyTeX/texmf-dist/tex/latex/amsfonts/umsb.fd
File: umsb.fd 2013/01/14 v3.01 AMS symbols B
)
LaTeX Font Info:    Font shape `TU/Helvetica(0)/m/sl' in size <10.95> not avail
able
(Font)              Font shape `TU/Helvetica(0)/m/it' tried instead on input li
ne 23.
LaTeX Font Info:    Font shape `TU/Helvetica(0)/m/it' will be
(Font)              scaled to size 10.95pt on input line 23.
[1

] [2] [3]
Overfull \hbox (0.48973pt too wide) detected at line 79
 []\TU/Helvetica(0)/m/n/10.95 113
 []


Overfull \hbox (0.48973pt too wide) detected at line 80
 []\TU/Helvetica(0)/m/n/10.95 116
 []

)
\tf@toc=\write4
\openout4 = `R--Thesis.toc'.

[4]
LaTeX Font Info:    Font shape `TU/Helvetica(0)/m/n' will be
(Font)              scaled to size 12.0pt on input line 117.
LaTeX Font Info:    Font shape `TU/Helvetica(0)/b/n' will be
(Font)              scaled to size 12.0pt on input line 117.
[5] [6] [7] [8] [9] [10] [11]
LaTeX Font Info:    Font shape `TU/Helvetica(0)/b/it' will be
(Font)              scaled to size 10.95pt on input line 478.
LaTeX Font Info:    Font shape `TU/Helvetica(0)/m/n' will be
(Font)              scaled to size 7.665pt on input line 487.
LaTeX Font Info:    Font shape `TU/Helvetica(0)/m/n' will be
(Font)              scaled to size 9.0pt on input line 487.
LaTeX Font Info:    Font shape `TU/latinmodern-math.otf(1)/m/n' will be
(Font)              scaled to size 10.87921pt on input line 487.
LaTeX Font Info:    Font shape `TU/latinmodern-math.otf(1)/m/n' will be
(Font)              scaled to size 7.2528pt on input line 487.
LaTeX Font Info:    Font shape `TU/latinmodern-math.otf(1)/m/n' will be
(Font)              scaled to size 6.044pt on input line 487.
LaTeX Font Info:    Font shape `TU/latinmodern-math.otf(2)/m/n' will be
(Font)              scaled to size 10.88031pt on input line 487.
LaTeX Font Info:    Font shape `TU/latinmodern-math.otf(2)/m/n' will be
(Font)              scaled to size 7.25354pt on input line 487.
LaTeX Font Info:    Font shape `TU/latinmodern-math.otf(2)/m/n' will be
(Font)              scaled to size 6.04462pt on input line 487.
LaTeX Font Info:    Font shape `TU/latinmodern-math.otf(3)/m/n' will be
(Font)              scaled to size 10.87811pt on input line 487.
LaTeX Font Info:    Font shape `TU/latinmodern-math.otf(3)/m/n' will be
(Font)              scaled to size 7.25208pt on input line 487.
LaTeX Font Info:    Font shape `TU/latinmodern-math.otf(3)/m/n' will be
(Font)              scaled to size 6.0434pt on input line 487.
LaTeX Font Info:    Font shape `TU/Helvetica(0)/m/n' will be
(Font)              scaled to size 6.0pt on input line 487.

LaTeX Warning: `!h' float specifier changed to `!ht'.

[12]
File: ./resources/images/exp1__stim_examples.png Graphic file (type bmp)
<./resources/images/exp1__stim_examples.png>

Underfull \hbox (badness 10000) in paragraph at lines 557--559
[][]
 []

[13] [14] [15] [16] [17]
File: R--Thesis_files/figure-latex/unnamed-chunk-12-1.pdf Graphic file (type pd
f)
<use R--Thesis_files/figure-latex/unnamed-chunk-12-1.pdf>
[18]
File: R--Thesis_files/figure-latex/unnamed-chunk-15-1.pdf Graphic file (type pd
f)
<use R--Thesis_files/figure-latex/unnamed-chunk-15-1.pdf>
[19]
File: R--Thesis_files/figure-latex/unnamed-chunk-18-1.pdf Graphic file (type pd
f)
<use R--Thesis_files/figure-latex/unnamed-chunk-18-1.pdf>
[20] [21] [22] [23] [24] [25] [26] [27]
File: ./resources/images/exp2__stim_examples.png Graphic file (type bmp)
<./resources/images/exp2__stim_examples.png>

Underfull \hbox (badness 10000) in paragraph at lines 1090--1095
[][]
 []

[28] [29] [30] [31]
File: ./resources/images/photo-manipulation-examples.png Graphic file (type bmp
)
<./resources/images/photo-manipulation-examples.png>

Underfull \hbox (badness 10000) in paragraph at lines 1229--1232
[][]
 []

[32] [33] [34] [35]
File: ./resources/images/procedure.png Graphic file (type bmp)
<./resources/images/procedure.png>

Underfull \hbox (badness 10000) in paragraph at lines 1329--1332
[][]
 []

[36] [37]
File: ./resources/images/h_calculation.png Graphic file (type bmp)
<./resources/images/h_calculation.png>
[38] [39] [40] [41] [42] [43] [44] [45] [46]

LaTeX Warning: `!h' float specifier changed to `!ht'.

[47]
File: ./resources/images/exp3__stim_examples.png Graphic file (type bmp)
<./resources/images/exp3__stim_examples.png>

Underfull \hbox (badness 10000) in paragraph at lines 1875--1878
[][]
 []

[48] [49] [50] [51]
File: R--Thesis_files/figure-latex/unnamed-chunk-42-1.pdf Graphic file (type pd
f)
<use R--Thesis_files/figure-latex/unnamed-chunk-42-1.pdf>
[52]
File: R--Thesis_files/figure-latex/unnamed-chunk-44-1.pdf Graphic file (type pd
f)
<use R--Thesis_files/figure-latex/unnamed-chunk-44-1.pdf>
[53]
File: R--Thesis_files/figure-latex/unnamed-chunk-46-1.pdf Graphic file (type pd
f)
<use R--Thesis_files/figure-latex/unnamed-chunk-46-1.pdf>
[54] [55]
File: R--Thesis_files/figure-latex/unnamed-chunk-48-1.pdf Graphic file (type pd
f)
<use R--Thesis_files/figure-latex/unnamed-chunk-48-1.pdf>
[56]
File: R--Thesis_files/figure-latex/unnamed-chunk-51-1.pdf Graphic file (type pd
f)
<use R--Thesis_files/figure-latex/unnamed-chunk-51-1.pdf>
[57] [58] [59] [60] [61] [62] [63] [64] [65]
File: ./resources/images/exp4__stim_examples.png Graphic file (type bmp)
<./resources/images/exp4__stim_examples.png>

Underfull \hbox (badness 10000) in paragraph at lines 2617--2620
[][]
 []

[66] [67] [68]
LaTeX Font Info:    Font shape `TU/Helvetica(0)/m/n' will be
(Font)              scaled to size 13.0pt on input line 2691.
LaTeX Font Info:    Calculating math sizes for size <13> on input line 2708.
LaTeX Font Info:    Font shape `TU/latinmodern-math.otf(1)/m/n' will be
(Font)              scaled to size 15.71442pt on input line 2708.
LaTeX Font Info:    Font shape `TU/latinmodern-math.otf(1)/m/n' will be
(Font)              scaled to size 11.00003pt on input line 2708.
LaTeX Font Info:    Font shape `TU/latinmodern-math.otf(1)/m/n' will be
(Font)              scaled to size 7.85721pt on input line 2708.
LaTeX Font Info:    Font shape `TU/latinmodern-math.otf(2)/m/n' will be
(Font)              scaled to size 15.716pt on input line 2708.
LaTeX Font Info:    Font shape `TU/latinmodern-math.otf(2)/m/n' will be
(Font)              scaled to size 11.00114pt on input line 2708.
LaTeX Font Info:    Font shape `TU/latinmodern-math.otf(2)/m/n' will be
(Font)              scaled to size 7.858pt on input line 2708.
LaTeX Font Info:    Font shape `TU/latinmodern-math.otf(3)/m/n' will be
(Font)              scaled to size 15.71283pt on input line 2708.
LaTeX Font Info:    Font shape `TU/latinmodern-math.otf(3)/m/n' will be
(Font)              scaled to size 10.99893pt on input line 2708.
LaTeX Font Info:    Font shape `TU/latinmodern-math.otf(3)/m/n' will be
(Font)              scaled to size 7.85641pt on input line 2708.
LaTeX Font Info:    Font shape `TU/Helvetica(0)/b/n' will be
(Font)              scaled to size 13.0pt on input line 2708.

Overfull \hbox (2.5898pt too wide) in paragraph at lines 2708--2708
[]|\TU/Helvetica(0)/m/n/13 Photographs|  
 []


Overfull \hbox (2.5898pt too wide) in paragraph at lines 2708--2708
[]|\TU/Helvetica(0)/m/n/13 Photographs|  
 []


Overfull \hbox (8.0708pt too wide) in paragraph at lines 2708--2708
[]|\TU/Helvetica(0)/b/n/13 Response 
 []


Overfull \hbox (8.0708pt too wide) in paragraph at lines 2708--2708
[]|\TU/Helvetica(0)/b/n/13 Response 
 []

[69]
File: R--Thesis_files/figure-latex/unnamed-chunk-64-1.pdf Graphic file (type pd
f)
<use R--Thesis_files/figure-latex/unnamed-chunk-64-1.pdf>
[70] [71]
File: R--Thesis_files/figure-latex/unnamed-chunk-66-1.pdf Graphic file (type pd
f)
<use R--Thesis_files/figure-latex/unnamed-chunk-66-1.pdf>
[72]
File: R--Thesis_files/figure-latex/unnamed-chunk-69-1.pdf Graphic file (type pd
f)
<use R--Thesis_files/figure-latex/unnamed-chunk-69-1.pdf>
[73] [74] [75] [76] [77] [78] [79]
File: ./resources/images/exp5__stim_examples.png Graphic file (type bmp)
<./resources/images/exp5__stim_examples.png>
[80] [81] [82]
File: R--Thesis_files/figure-latex/unnamed-chunk-80-1.pdf Graphic file (type pd
f)
<use R--Thesis_files/figure-latex/unnamed-chunk-80-1.pdf>
File: R--Thesis_files/figure-latex/unnamed-chunk-80-2.pdf Graphic file (type pd
f)
<use R--Thesis_files/figure-latex/unnamed-chunk-80-2.pdf>
[83] [84]
File: R--Thesis_files/figure-latex/unnamed-chunk-82-1.pdf Graphic file (type pd
f)
<use R--Thesis_files/figure-latex/unnamed-chunk-82-1.pdf>
[85] [86]
LaTeX Font Info:    Font shape `TU/Helvetica(0)/m/n' will be
(Font)              scaled to size 10.0pt on input line 3266.
LaTeX Font Info:    Font shape `TU/latinmodern-math.otf(1)/m/n' will be
(Font)              scaled to size 12.08801pt on input line 3268.
LaTeX Font Info:    Font shape `TU/latinmodern-math.otf(1)/m/n' will be
(Font)              scaled to size 8.46161pt on input line 3268.
LaTeX Font Info:    Font shape `TU/latinmodern-math.otf(2)/m/n' will be
(Font)              scaled to size 12.08923pt on input line 3268.
LaTeX Font Info:    Font shape `TU/latinmodern-math.otf(2)/m/n' will be
(Font)              scaled to size 8.46246pt on input line 3268.
LaTeX Font Info:    Font shape `TU/latinmodern-math.otf(3)/m/n' will be
(Font)              scaled to size 12.08679pt on input line 3268.
LaTeX Font Info:    Font shape `TU/latinmodern-math.otf(3)/m/n' will be
(Font)              scaled to size 8.46075pt on input line 3268.

Overfull \hbox (11.42319pt too wide) in paragraph at lines 3282--3282
 []\TU/Helvetica(0)/m/n/10 Distinctive 
 []


Underfull \hbox (badness 10000) in paragraph at lines 3268--3284

 []

[87]
Overfull \hbox (11.42319pt too wide) in paragraph at lines 3321--3321
 []\TU/Helvetica(0)/m/n/10 Distinctive 
 []


Underfull \hbox (badness 10000) in paragraph at lines 3307--3323

 []


Overfull \hbox (11.42319pt too wide) in paragraph at lines 3358--3358
 []\TU/Helvetica(0)/m/n/10 Distinctive 
 []


Underfull \hbox (badness 10000) in paragraph at lines 3344--3360

 []

[88] [89]
Overfull \hbox (11.42319pt too wide) in paragraph at lines 3396--3396
 []\TU/Helvetica(0)/m/n/10 Distinctive 
 []


Underfull \hbox (badness 10000) in paragraph at lines 3382--3398

 []


Overfull \hbox (11.42319pt too wide) in paragraph at lines 3426--3426
 []\TU/Helvetica(0)/m/n/10 Distinctive 
 []


Underfull \hbox (badness 10000) in paragraph at lines 3412--3428

 []

[90]
Overfull \hbox (11.42319pt too wide) in paragraph at lines 3460--3460
 []\TU/Helvetica(0)/m/n/10 Distinctive 
 []


Underfull \hbox (badness 10000) in paragraph at lines 3446--3462

 []

[91] [92]
File: R--Thesis_files/figure-latex/unnamed-chunk-100-1.pdf Graphic file (type p
df)
<use R--Thesis_files/figure-latex/unnamed-chunk-100-1.pdf>
[93] [94] [95] [96] [97] [98] [99] [100] [101]
Underfull \hbox (badness 4556) in paragraph at lines 3797--3802
 \TU/Helvetica(0)/m/n/10.95 on remember-know judgments. \TU/Helvetica(0)/m/it/1
0.95 Psychonomic Bulletin & Review\TU/Helvetica(0)/m/n/10.95 , \TU/Helvetica(0)
/m/it/10.95 9\TU/Helvetica(0)/m/n/10.95 (1), 139145.
 []

[102] [103] [104] [105] [106] [107]
Underfull \hbox (badness 1661) in paragraph at lines 4090--4094
 \TU/Helvetica(0)/m/it/10.95 European Journal of Cognitive Psychology\TU/Helvet
ica(0)/m/n/10.95 , \TU/Helvetica(0)/m/it/10.95 18\TU/Helvetica(0)/m/n/10.95 (6)
, 813847. []$[][][][][] [] [] [] [][][] [] [][][] [] [][] [] [][][][] []
 []

[108] [109] [110] [111] [112]
LaTeX Font Info:    Font shape `TU/Helvetica(0)/m/n' will be
(Font)              scaled to size 7.0pt on input line 4299.
LaTeX Font Info:    Font shape `TU/Helvetica(0)/m/it' will be
(Font)              scaled to size 7.0pt on input line 4306.
[113

] [114] [115]
LaTeX Font Info:    Font shape `TU/Helvetica(0)/m/n' will be
(Font)              scaled to size 8.0pt on input line 4413.
LaTeX Font Info:    Font shape `TU/Helvetica(0)/m/it' will be
(Font)              scaled to size 8.0pt on input line 4420.
LaTeX Font Info:    Font shape `TU/Helvetica(0)/b/n' will be
(Font)              scaled to size 8.0pt on input line 4430.
[116

] [117] [118] [119] [120] [121] [122] [123] [124] [125] [126] [127] [128] [129]
[130] [131] [132] [133] [134] [135] [136] [137] [138] [139] [140] [141] [142] [
143] [144] (./R--Thesis.aux)
Package rerunfilecheck Info: File `R--Thesis.out' has not changed.
(rerunfilecheck)             Checksum: 04394B5CE985C24C84FA46AE25242D85;12424.
 ) 
Here is how much of TeX's memory you used:
 18569 strings out of 478918
 328403 string characters out of 5866043
 855778 words of memory out of 5000000
 38066 multiletter control sequences out of 15000+600000
 414966 words of font info for 129 fonts, out of 8000000 for 9000
 14 hyphenation exceptions out of 8191
 98i,13n,125p,655b,536s stack positions out of 5000i,500n,10000p,200000b,80000s

Output written on R--Thesis.pdf (144 pages).
